ffmpeg version 7.1.1-essentials_build-www.gyan.dev Copyright (c) 2000-2025 the FFmpeg developers
  built with gcc 14.2.0 (Rev1, Built by MSYS2 project)
  configuration: --enable-gpl --enable-version3 --enable-static --disable-w32threads --disable-autodetect --enable-fontconfig --enable-iconv --enable-gnutls --enable-libxml2 --enable-gmp --enable-bzlib --enable-lzma --enable-zlib --enable-libsrt --enable-libssh --enable-libzmq --enable-avisynth --enable-sdl2 --enable-libwebp --enable-libx264 --enable-libx265 --enable-libxvid --enable-libaom --enable-libopenjpeg --enable-libvpx --enable-mediafoundation --enable-libass --enable-libfreetype --enable-libfribidi --enable-libharfbuzz --enable-libvidstab --enable-libvmaf --enable-libzimg --enable-amf --enable-cuda-llvm --enable-cuvid --enable-dxva2 --enable-d3d11va --enable-d3d12va --enable-ffnvcodec --enable-libvpl --enable-nvdec --enable-nvenc --enable-vaapi --enable-libgme --enable-libopenmpt --enable-libopencore-amrwb --enable-libmp3lame --enable-libtheora --enable-libvo-amrwbenc --enable-libgsm --enable-libopencore-amrnb --enable-libopus --enable-libspeex --enable-libvorbis --enable-librubberband
  libavutil      59. 39.100 / 59. 39.100
  libavcodec     61. 19.101 / 61. 19.101
  libavformat    61.  7.100 / 61.  7.100
  libavdevice    61.  3.100 / 61.  3.100
  libavfilter    10.  4.100 / 10.  4.100
  libswscale      8.  3.100 /  8.  3.100
  libswresample   5.  3.100 /  5.  3.100
  libpostproc    58.  3.100 / 58.  3.100
[dshow @ 0000024ae6ff5700] "ACER FHD User Facing" (video)
[dshow @ 0000024ae6ff5700]   Alternative name "@device_pnp_\\?\usb#vid_04f2&pid_b777&mi_00#7&2ecefdb3&0&0000#{65e8773d-8f56-11d0-a3b9-00a0c9223196}\global"
[dshow @ 0000024ae6ff5700] "OBS Virtual Camera" (none)
[dshow @ 0000024ae6ff5700]   Alternative name "@device_sw_{860BB310-5D01-11D0-BD3B-00A0C911CE86}\{A3FCE0F5-3493-419F-958A-ABA1250EC20B}"
[dshow @ 0000024ae6ff5700] "CABLE Output (VB-Audio Virtual Cable)" (audio)
[dshow @ 0000024ae6ff5700]   Alternative name "@device_cm_{33D9A762-90C8-11D0-BD43-00A0C911CE86}\wave_{818B4204-C915-41FF-AF25-1CD76FCFA1D2}"
[dshow @ 0000024ae6ff5700] "立体声混音 (Realtek(R) Audio)" (audio)
[dshow @ 0000024ae6ff5700]   Alternative name "@device_cm_{33D9A762-90C8-11D0-BD43-00A0C911CE86}\wave_{0002678E-2A5C-495C-9D5D-2481A0E52BFA}"
[dshow @ 0000024ae6ff5700] "阵列麦克风 (AMD Audio Device)" (audio)
[dshow @ 0000024ae6ff5700]   Alternative name "@device_cm_{33D9A762-90C8-11D0-BD43-00A0C911CE86}\wave_{243AD4D7-B685-4BFA-BAD5-850C3CD626DF}"
[in#0 @ 0000024ae6ff5300] Error opening input: Immediate exit requested
Error opening input file dummy.
